[2026-04-07T00:00:00.748+0000] {processor.py:161} INFO - Started process (PID=31) to work on /opt/airflow/dags/pitwall_dag.py
[2026-04-07T00:00:00.748+0000] {processor.py:830} INFO - Processing file /opt/airflow/dags/pitwall_dag.py for tasks to queue
[2026-04-07T00:00:00.750+0000] {logging_mixin.py:188} INFO - [2026-04-07T00:00:00.749+0000] {dagbag.py:540} INFO - Filling up the DagBag from /opt/airflow/dags/pitwall_dag.py
[2026-04-07T00:00:01.089+0000] {processor.py:840} INFO - DAG(s) 'pitwall_ingestion' retrieved from /opt/airflow/dags/pitwall_dag.py
[2026-04-07T00:00:01.197+0000] {logging_mixin.py:188} INFO - [2026-04-07T00:00:01.196+0000] {dag.py:3096} INFO - Sync 1 DAGs
[2026-04-07T00:00:01.200+0000] {logging_mixin.py:188} INFO - [2026-04-07T00:00:01.200+0000] {dag.py:3954} INFO - Setting next_dagrun for pitwall_ingestion to None, run_after=None
[2026-04-07T00:00:01.206+0000] {processor.py:183} INFO - Processing /opt/airflow/dags/pitwall_dag.py took 0.463 seconds
[2026-04-07T00:00:31.531+0000] {processor.py:161} INFO - Started process (PID=33) to work on /opt/airflow/dags/pitwall_dag.py
[2026-04-07T00:00:31.532+0000] {processor.py:830} INFO - Processing file /opt/airflow/dags/pitwall_dag.py for tasks to queue
[2026-04-07T00:00:31.534+0000] {logging_mixin.py:188} INFO - [2026-04-07T00:00:31.534+0000] {dagbag.py:540} INFO - Filling up the DagBag from /opt/airflow/dags/pitwall_dag.py
[2026-04-07T00:00:32.025+0000] {processor.py:840} INFO - DAG(s) 'pitwall_ingestion' retrieved from /opt/airflow/dags/pitwall_dag.py
[2026-04-07T00:00:32.055+0000] {logging_mixin.py:188} INFO - [2026-04-07T00:00:32.054+0000] {dag.py:3096} INFO - Sync 1 DAGs
[2026-04-07T00:00:32.066+0000] {logging_mixin.py:188} INFO - [2026-04-07T00:00:32.065+0000] {dag.py:3954} INFO - Setting next_dagrun for pitwall_ingestion to None, run_after=None
[2026-04-07T00:00:32.089+0000] {processor.py:183} INFO - Processing /opt/airflow/dags/pitwall_dag.py took 0.565 seconds
[2026-04-07T00:01:02.299+0000] {processor.py:161} INFO - Started process (PID=49) to work on /opt/airflow/dags/pitwall_dag.py
[2026-04-07T00:01:02.300+0000] {processor.py:830} INFO - Processing file /opt/airflow/dags/pitwall_dag.py for tasks to queue
[2026-04-07T00:01:02.305+0000] {logging_mixin.py:188} INFO - [2026-04-07T00:01:02.304+0000] {dagbag.py:540} INFO - Filling up the DagBag from /opt/airflow/dags/pitwall_dag.py
[2026-04-07T00:01:02.664+0000] {processor.py:840} INFO - DAG(s) 'pitwall_ingestion' retrieved from /opt/airflow/dags/pitwall_dag.py
[2026-04-07T00:01:02.673+0000] {logging_mixin.py:188} INFO - [2026-04-07T00:01:02.673+0000] {dag.py:3096} INFO - Sync 1 DAGs
[2026-04-07T00:01:02.677+0000] {logging_mixin.py:188} INFO - [2026-04-07T00:01:02.677+0000] {dag.py:3954} INFO - Setting next_dagrun for pitwall_ingestion to None, run_after=None
[2026-04-07T00:01:02.683+0000] {processor.py:183} INFO - Processing /opt/airflow/dags/pitwall_dag.py took 0.397 seconds
[2026-04-07T00:01:32.924+0000] {processor.py:161} INFO - Started process (PID=51) to work on /opt/airflow/dags/pitwall_dag.py
[2026-04-07T00:01:32.925+0000] {processor.py:830} INFO - Processing file /opt/airflow/dags/pitwall_dag.py for tasks to queue
[2026-04-07T00:01:32.927+0000] {logging_mixin.py:188} INFO - [2026-04-07T00:01:32.926+0000] {dagbag.py:540} INFO - Filling up the DagBag from /opt/airflow/dags/pitwall_dag.py
[2026-04-07T00:01:33.363+0000] {processor.py:840} INFO - DAG(s) 'pitwall_ingestion' retrieved from /opt/airflow/dags/pitwall_dag.py
[2026-04-07T00:01:33.381+0000] {logging_mixin.py:188} INFO - [2026-04-07T00:01:33.380+0000] {dag.py:3096} INFO - Sync 1 DAGs
[2026-04-07T00:01:33.385+0000] {logging_mixin.py:188} INFO - [2026-04-07T00:01:33.385+0000] {dag.py:3954} INFO - Setting next_dagrun for pitwall_ingestion to None, run_after=None
[2026-04-07T00:01:33.393+0000] {processor.py:183} INFO - Processing /opt/airflow/dags/pitwall_dag.py took 0.473 seconds
[2026-04-07T00:02:03.681+0000] {processor.py:161} INFO - Started process (PID=53) to work on /opt/airflow/dags/pitwall_dag.py
[2026-04-07T00:02:03.682+0000] {processor.py:830} INFO - Processing file /opt/airflow/dags/pitwall_dag.py for tasks to queue
[2026-04-07T00:02:03.685+0000] {logging_mixin.py:188} INFO - [2026-04-07T00:02:03.684+0000] {dagbag.py:540} INFO - Filling up the DagBag from /opt/airflow/dags/pitwall_dag.py
[2026-04-07T00:02:04.038+0000] {processor.py:840} INFO - DAG(s) 'pitwall_ingestion' retrieved from /opt/airflow/dags/pitwall_dag.py
[2026-04-07T00:02:04.049+0000] {logging_mixin.py:188} INFO - [2026-04-07T00:02:04.049+0000] {dag.py:3096} INFO - Sync 1 DAGs
[2026-04-07T00:02:04.054+0000] {logging_mixin.py:188} INFO - [2026-04-07T00:02:04.054+0000] {dag.py:3954} INFO - Setting next_dagrun for pitwall_ingestion to None, run_after=None
[2026-04-07T00:02:04.060+0000] {processor.py:183} INFO - Processing /opt/airflow/dags/pitwall_dag.py took 0.387 seconds
[2026-04-07T00:02:34.338+0000] {processor.py:161} INFO - Started process (PID=55) to work on /opt/airflow/dags/pitwall_dag.py
[2026-04-07T00:02:34.339+0000] {processor.py:830} INFO - Processing file /opt/airflow/dags/pitwall_dag.py for tasks to queue
[2026-04-07T00:02:34.340+0000] {logging_mixin.py:188} INFO - [2026-04-07T00:02:34.340+0000] {dagbag.py:540} INFO - Filling up the DagBag from /opt/airflow/dags/pitwall_dag.py
[2026-04-07T00:02:34.583+0000] {processor.py:840} INFO - DAG(s) 'pitwall_ingestion' retrieved from /opt/airflow/dags/pitwall_dag.py
[2026-04-07T00:02:34.591+0000] {logging_mixin.py:188} INFO - [2026-04-07T00:02:34.591+0000] {dag.py:3096} INFO - Sync 1 DAGs
[2026-04-07T00:02:34.594+0000] {logging_mixin.py:188} INFO - [2026-04-07T00:02:34.594+0000] {dag.py:3954} INFO - Setting next_dagrun for pitwall_ingestion to None, run_after=None
[2026-04-07T00:02:34.599+0000] {processor.py:183} INFO - Processing /opt/airflow/dags/pitwall_dag.py took 0.269 seconds
[2026-04-07T00:02:46.700+0000] {processor.py:161} INFO - Started process (PID=57) to work on /opt/airflow/dags/pitwall_dag.py
[2026-04-07T00:02:46.701+0000] {processor.py:830} INFO - Processing file /opt/airflow/dags/pitwall_dag.py for tasks to queue
[2026-04-07T00:02:46.703+0000] {logging_mixin.py:188} INFO - [2026-04-07T00:02:46.703+0000] {dagbag.py:540} INFO - Filling up the DagBag from /opt/airflow/dags/pitwall_dag.py
[2026-04-07T00:02:47.017+0000] {processor.py:840} INFO - DAG(s) 'pitwall_ingestion' retrieved from /opt/airflow/dags/pitwall_dag.py
[2026-04-07T00:02:47.026+0000] {logging_mixin.py:188} INFO - [2026-04-07T00:02:47.026+0000] {dag.py:3096} INFO - Sync 1 DAGs
[2026-04-07T00:02:47.031+0000] {logging_mixin.py:188} INFO - [2026-04-07T00:02:47.030+0000] {dag.py:3954} INFO - Setting next_dagrun for pitwall_ingestion to None, run_after=None
[2026-04-07T00:02:47.039+0000] {processor.py:183} INFO - Processing /opt/airflow/dags/pitwall_dag.py took 0.344 seconds
[2026-04-07T00:03:17.332+0000] {processor.py:161} INFO - Started process (PID=59) to work on /opt/airflow/dags/pitwall_dag.py
[2026-04-07T00:03:17.334+0000] {processor.py:830} INFO - Processing file /opt/airflow/dags/pitwall_dag.py for tasks to queue
[2026-04-07T00:03:17.337+0000] {logging_mixin.py:188} INFO - [2026-04-07T00:03:17.337+0000] {dagbag.py:540} INFO - Filling up the DagBag from /opt/airflow/dags/pitwall_dag.py
[2026-04-07T00:03:17.696+0000] {processor.py:840} INFO - DAG(s) 'pitwall_ingestion' retrieved from /opt/airflow/dags/pitwall_dag.py
[2026-04-07T00:03:17.705+0000] {logging_mixin.py:188} INFO - [2026-04-07T00:03:17.705+0000] {dag.py:3096} INFO - Sync 1 DAGs
[2026-04-07T00:03:17.709+0000] {logging_mixin.py:188} INFO - [2026-04-07T00:03:17.709+0000] {dag.py:3954} INFO - Setting next_dagrun for pitwall_ingestion to None, run_after=None
[2026-04-07T00:03:17.714+0000] {processor.py:183} INFO - Processing /opt/airflow/dags/pitwall_dag.py took 0.390 seconds
[2026-04-07T00:03:47.969+0000] {processor.py:161} INFO - Started process (PID=61) to work on /opt/airflow/dags/pitwall_dag.py
[2026-04-07T00:03:47.970+0000] {processor.py:830} INFO - Processing file /opt/airflow/dags/pitwall_dag.py for tasks to queue
[2026-04-07T00:03:47.972+0000] {logging_mixin.py:188} INFO - [2026-04-07T00:03:47.972+0000] {dagbag.py:540} INFO - Filling up the DagBag from /opt/airflow/dags/pitwall_dag.py
[2026-04-07T00:03:48.392+0000] {processor.py:840} INFO - DAG(s) 'pitwall_ingestion' retrieved from /opt/airflow/dags/pitwall_dag.py
[2026-04-07T00:03:48.402+0000] {logging_mixin.py:188} INFO - [2026-04-07T00:03:48.402+0000] {dag.py:3096} INFO - Sync 1 DAGs
[2026-04-07T00:03:48.406+0000] {logging_mixin.py:188} INFO - [2026-04-07T00:03:48.406+0000] {dag.py:3954} INFO - Setting next_dagrun for pitwall_ingestion to None, run_after=None
[2026-04-07T00:03:48.412+0000] {processor.py:183} INFO - Processing /opt/airflow/dags/pitwall_dag.py took 0.453 seconds
[2026-04-07T00:04:18.721+0000] {processor.py:161} INFO - Started process (PID=63) to work on /opt/airflow/dags/pitwall_dag.py
[2026-04-07T00:04:18.724+0000] {processor.py:830} INFO - Processing file /opt/airflow/dags/pitwall_dag.py for tasks to queue
[2026-04-07T00:04:18.726+0000] {logging_mixin.py:188} INFO - [2026-04-07T00:04:18.726+0000] {dagbag.py:540} INFO - Filling up the DagBag from /opt/airflow/dags/pitwall_dag.py
[2026-04-07T00:04:19.085+0000] {processor.py:840} INFO - DAG(s) 'pitwall_ingestion' retrieved from /opt/airflow/dags/pitwall_dag.py
[2026-04-07T00:04:19.095+0000] {logging_mixin.py:188} INFO - [2026-04-07T00:04:19.095+0000] {dag.py:3096} INFO - Sync 1 DAGs
[2026-04-07T00:04:19.099+0000] {logging_mixin.py:188} INFO - [2026-04-07T00:04:19.099+0000] {dag.py:3954} INFO - Setting next_dagrun for pitwall_ingestion to None, run_after=None
[2026-04-07T00:04:19.107+0000] {processor.py:183} INFO - Processing /opt/airflow/dags/pitwall_dag.py took 0.396 seconds
[2026-04-07T00:04:49.391+0000] {processor.py:161} INFO - Started process (PID=65) to work on /opt/airflow/dags/pitwall_dag.py
[2026-04-07T00:04:49.393+0000] {processor.py:830} INFO - Processing file /opt/airflow/dags/pitwall_dag.py for tasks to queue
[2026-04-07T00:04:49.394+0000] {logging_mixin.py:188} INFO - [2026-04-07T00:04:49.394+0000] {dagbag.py:540} INFO - Filling up the DagBag from /opt/airflow/dags/pitwall_dag.py
[2026-04-07T00:04:49.643+0000] {processor.py:840} INFO - DAG(s) 'pitwall_ingestion' retrieved from /opt/airflow/dags/pitwall_dag.py
[2026-04-07T00:04:49.651+0000] {logging_mixin.py:188} INFO - [2026-04-07T00:04:49.651+0000] {dag.py:3096} INFO - Sync 1 DAGs
[2026-04-07T00:04:49.656+0000] {logging_mixin.py:188} INFO - [2026-04-07T00:04:49.656+0000] {dag.py:3954} INFO - Setting next_dagrun for pitwall_ingestion to None, run_after=None
[2026-04-07T00:04:49.661+0000] {processor.py:183} INFO - Processing /opt/airflow/dags/pitwall_dag.py took 0.277 seconds
[2026-04-07T00:05:19.701+0000] {processor.py:161} INFO - Started process (PID=67) to work on /opt/airflow/dags/pitwall_dag.py
[2026-04-07T00:05:19.703+0000] {processor.py:830} INFO - Processing file /opt/airflow/dags/pitwall_dag.py for tasks to queue
[2026-04-07T00:05:19.706+0000] {logging_mixin.py:188} INFO - [2026-04-07T00:05:19.706+0000] {dagbag.py:540} INFO - Filling up the DagBag from /opt/airflow/dags/pitwall_dag.py
[2026-04-07T00:05:20.095+0000] {processor.py:840} INFO - DAG(s) 'pitwall_ingestion' retrieved from /opt/airflow/dags/pitwall_dag.py
[2026-04-07T00:05:20.106+0000] {logging_mixin.py:188} INFO - [2026-04-07T00:05:20.105+0000] {dag.py:3096} INFO - Sync 1 DAGs
[2026-04-07T00:05:20.110+0000] {logging_mixin.py:188} INFO - [2026-04-07T00:05:20.110+0000] {dag.py:3954} INFO - Setting next_dagrun for pitwall_ingestion to None, run_after=None
[2026-04-07T00:05:20.115+0000] {processor.py:183} INFO - Processing /opt/airflow/dags/pitwall_dag.py took 0.422 seconds
[2026-04-07T00:05:50.185+0000] {processor.py:161} INFO - Started process (PID=69) to work on /opt/airflow/dags/pitwall_dag.py
[2026-04-07T00:05:50.187+0000] {processor.py:830} INFO - Processing file /opt/airflow/dags/pitwall_dag.py for tasks to queue
[2026-04-07T00:05:50.190+0000] {logging_mixin.py:188} INFO - [2026-04-07T00:05:50.189+0000] {dagbag.py:540} INFO - Filling up the DagBag from /opt/airflow/dags/pitwall_dag.py
[2026-04-07T00:05:50.601+0000] {processor.py:840} INFO - DAG(s) 'pitwall_ingestion' retrieved from /opt/airflow/dags/pitwall_dag.py
[2026-04-07T00:05:50.611+0000] {logging_mixin.py:188} INFO - [2026-04-07T00:05:50.610+0000] {dag.py:3096} INFO - Sync 1 DAGs
[2026-04-07T00:05:50.615+0000] {logging_mixin.py:188} INFO - [2026-04-07T00:05:50.615+0000] {dag.py:3954} INFO - Setting next_dagrun for pitwall_ingestion to None, run_after=None
[2026-04-07T00:05:50.621+0000] {processor.py:183} INFO - Processing /opt/airflow/dags/pitwall_dag.py took 0.442 seconds
[2026-04-07T00:06:20.889+0000] {processor.py:161} INFO - Started process (PID=71) to work on /opt/airflow/dags/pitwall_dag.py
[2026-04-07T00:06:20.890+0000] {processor.py:830} INFO - Processing file /opt/airflow/dags/pitwall_dag.py for tasks to queue
[2026-04-07T00:06:20.893+0000] {logging_mixin.py:188} INFO - [2026-04-07T00:06:20.892+0000] {dagbag.py:540} INFO - Filling up the DagBag from /opt/airflow/dags/pitwall_dag.py
[2026-04-07T00:06:21.235+0000] {processor.py:840} INFO - DAG(s) 'pitwall_ingestion' retrieved from /opt/airflow/dags/pitwall_dag.py
[2026-04-07T00:06:21.245+0000] {logging_mixin.py:188} INFO - [2026-04-07T00:06:21.245+0000] {dag.py:3096} INFO - Sync 1 DAGs
[2026-04-07T00:06:21.249+0000] {logging_mixin.py:188} INFO - [2026-04-07T00:06:21.249+0000] {dag.py:3954} INFO - Setting next_dagrun for pitwall_ingestion to None, run_after=None
[2026-04-07T00:06:21.255+0000] {processor.py:183} INFO - Processing /opt/airflow/dags/pitwall_dag.py took 0.373 seconds
[2026-04-07T00:06:51.507+0000] {processor.py:161} INFO - Started process (PID=73) to work on /opt/airflow/dags/pitwall_dag.py
[2026-04-07T00:06:51.507+0000] {processor.py:830} INFO - Processing file /opt/airflow/dags/pitwall_dag.py for tasks to queue
[2026-04-07T00:06:51.513+0000] {logging_mixin.py:188} INFO - [2026-04-07T00:06:51.509+0000] {dagbag.py:540} INFO - Filling up the DagBag from /opt/airflow/dags/pitwall_dag.py
[2026-04-07T00:06:51.959+0000] {processor.py:840} INFO - DAG(s) 'pitwall_ingestion' retrieved from /opt/airflow/dags/pitwall_dag.py
[2026-04-07T00:06:51.970+0000] {logging_mixin.py:188} INFO - [2026-04-07T00:06:51.970+0000] {dag.py:3096} INFO - Sync 1 DAGs
[2026-04-07T00:06:51.975+0000] {logging_mixin.py:188} INFO - [2026-04-07T00:06:51.975+0000] {dag.py:3954} INFO - Setting next_dagrun for pitwall_ingestion to None, run_after=None
[2026-04-07T00:06:51.980+0000] {processor.py:183} INFO - Processing /opt/airflow/dags/pitwall_dag.py took 0.478 seconds
[2026-04-07T00:07:22.234+0000] {processor.py:161} INFO - Started process (PID=75) to work on /opt/airflow/dags/pitwall_dag.py
[2026-04-07T00:07:22.235+0000] {processor.py:830} INFO - Processing file /opt/airflow/dags/pitwall_dag.py for tasks to queue
[2026-04-07T00:07:22.236+0000] {logging_mixin.py:188} INFO - [2026-04-07T00:07:22.235+0000] {dagbag.py:540} INFO - Filling up the DagBag from /opt/airflow/dags/pitwall_dag.py
[2026-04-07T00:07:22.523+0000] {processor.py:840} INFO - DAG(s) 'pitwall_ingestion' retrieved from /opt/airflow/dags/pitwall_dag.py
[2026-04-07T00:07:22.534+0000] {logging_mixin.py:188} INFO - [2026-04-07T00:07:22.534+0000] {dag.py:3096} INFO - Sync 1 DAGs
[2026-04-07T00:07:22.539+0000] {logging_mixin.py:188} INFO - [2026-04-07T00:07:22.539+0000] {dag.py:3954} INFO - Setting next_dagrun for pitwall_ingestion to None, run_after=None
[2026-04-07T00:07:22.544+0000] {processor.py:183} INFO - Processing /opt/airflow/dags/pitwall_dag.py took 0.314 seconds
[2026-04-07T00:07:52.813+0000] {processor.py:161} INFO - Started process (PID=77) to work on /opt/airflow/dags/pitwall_dag.py
[2026-04-07T00:07:52.815+0000] {processor.py:830} INFO - Processing file /opt/airflow/dags/pitwall_dag.py for tasks to queue
[2026-04-07T00:07:52.817+0000] {logging_mixin.py:188} INFO - [2026-04-07T00:07:52.817+0000] {dagbag.py:540} INFO - Filling up the DagBag from /opt/airflow/dags/pitwall_dag.py
[2026-04-07T00:07:53.111+0000] {processor.py:840} INFO - DAG(s) 'pitwall_ingestion' retrieved from /opt/airflow/dags/pitwall_dag.py
[2026-04-07T00:07:53.120+0000] {logging_mixin.py:188} INFO - [2026-04-07T00:07:53.120+0000] {dag.py:3096} INFO - Sync 1 DAGs
[2026-04-07T00:07:53.124+0000] {logging_mixin.py:188} INFO - [2026-04-07T00:07:53.124+0000] {dag.py:3954} INFO - Setting next_dagrun for pitwall_ingestion to None, run_after=None
[2026-04-07T00:07:53.130+0000] {processor.py:183} INFO - Processing /opt/airflow/dags/pitwall_dag.py took 0.326 seconds
[2026-04-07T00:08:23.391+0000] {processor.py:161} INFO - Started process (PID=79) to work on /opt/airflow/dags/pitwall_dag.py
[2026-04-07T00:08:23.392+0000] {processor.py:830} INFO - Processing file /opt/airflow/dags/pitwall_dag.py for tasks to queue
[2026-04-07T00:08:23.394+0000] {logging_mixin.py:188} INFO - [2026-04-07T00:08:23.393+0000] {dagbag.py:540} INFO - Filling up the DagBag from /opt/airflow/dags/pitwall_dag.py
[2026-04-07T00:08:23.707+0000] {processor.py:840} INFO - DAG(s) 'pitwall_ingestion' retrieved from /opt/airflow/dags/pitwall_dag.py
[2026-04-07T00:08:23.716+0000] {logging_mixin.py:188} INFO - [2026-04-07T00:08:23.716+0000] {dag.py:3096} INFO - Sync 1 DAGs
[2026-04-07T00:08:23.720+0000] {logging_mixin.py:188} INFO - [2026-04-07T00:08:23.720+0000] {dag.py:3954} INFO - Setting next_dagrun for pitwall_ingestion to None, run_after=None
[2026-04-07T00:08:23.726+0000] {processor.py:183} INFO - Processing /opt/airflow/dags/pitwall_dag.py took 0.340 seconds
[2026-04-07T00:08:53.993+0000] {processor.py:161} INFO - Started process (PID=81) to work on /opt/airflow/dags/pitwall_dag.py
[2026-04-07T00:08:53.994+0000] {processor.py:830} INFO - Processing file /opt/airflow/dags/pitwall_dag.py for tasks to queue
[2026-04-07T00:08:53.997+0000] {logging_mixin.py:188} INFO - [2026-04-07T00:08:53.996+0000] {dagbag.py:540} INFO - Filling up the DagBag from /opt/airflow/dags/pitwall_dag.py
[2026-04-07T00:08:54.336+0000] {processor.py:840} INFO - DAG(s) 'pitwall_ingestion' retrieved from /opt/airflow/dags/pitwall_dag.py
[2026-04-07T00:08:54.346+0000] {logging_mixin.py:188} INFO - [2026-04-07T00:08:54.346+0000] {dag.py:3096} INFO - Sync 1 DAGs
[2026-04-07T00:08:54.351+0000] {logging_mixin.py:188} INFO - [2026-04-07T00:08:54.351+0000] {dag.py:3954} INFO - Setting next_dagrun for pitwall_ingestion to None, run_after=None
[2026-04-07T00:08:54.359+0000] {processor.py:183} INFO - Processing /opt/airflow/dags/pitwall_dag.py took 0.374 seconds
[2026-04-07T00:09:24.601+0000] {processor.py:161} INFO - Started process (PID=83) to work on /opt/airflow/dags/pitwall_dag.py
[2026-04-07T00:09:24.604+0000] {processor.py:830} INFO - Processing file /opt/airflow/dags/pitwall_dag.py for tasks to queue
[2026-04-07T00:09:24.605+0000] {logging_mixin.py:188} INFO - [2026-04-07T00:09:24.605+0000] {dagbag.py:540} INFO - Filling up the DagBag from /opt/airflow/dags/pitwall_dag.py
[2026-04-07T00:09:24.914+0000] {processor.py:840} INFO - DAG(s) 'pitwall_ingestion' retrieved from /opt/airflow/dags/pitwall_dag.py
[2026-04-07T00:09:24.924+0000] {logging_mixin.py:188} INFO - [2026-04-07T00:09:24.923+0000] {dag.py:3096} INFO - Sync 1 DAGs
[2026-04-07T00:09:24.927+0000] {logging_mixin.py:188} INFO - [2026-04-07T00:09:24.927+0000] {dag.py:3954} INFO - Setting next_dagrun for pitwall_ingestion to None, run_after=None
[2026-04-07T00:09:24.932+0000] {processor.py:183} INFO - Processing /opt/airflow/dags/pitwall_dag.py took 0.336 seconds
[2026-04-07T00:09:55.223+0000] {processor.py:161} INFO - Started process (PID=85) to work on /opt/airflow/dags/pitwall_dag.py
[2026-04-07T00:09:55.226+0000] {processor.py:830} INFO - Processing file /opt/airflow/dags/pitwall_dag.py for tasks to queue
[2026-04-07T00:09:55.228+0000] {logging_mixin.py:188} INFO - [2026-04-07T00:09:55.227+0000] {dagbag.py:540} INFO - Filling up the DagBag from /opt/airflow/dags/pitwall_dag.py
[2026-04-07T00:09:55.675+0000] {processor.py:840} INFO - DAG(s) 'pitwall_ingestion' retrieved from /opt/airflow/dags/pitwall_dag.py
[2026-04-07T00:09:55.686+0000] {logging_mixin.py:188} INFO - [2026-04-07T00:09:55.686+0000] {dag.py:3096} INFO - Sync 1 DAGs
[2026-04-07T00:09:55.693+0000] {logging_mixin.py:188} INFO - [2026-04-07T00:09:55.693+0000] {dag.py:3954} INFO - Setting next_dagrun for pitwall_ingestion to None, run_after=None
[2026-04-07T00:09:55.699+0000] {processor.py:183} INFO - Processing /opt/airflow/dags/pitwall_dag.py took 0.483 seconds
[2026-04-07T00:10:26.080+0000] {processor.py:161} INFO - Started process (PID=87) to work on /opt/airflow/dags/pitwall_dag.py
[2026-04-07T00:10:26.081+0000] {processor.py:830} INFO - Processing file /opt/airflow/dags/pitwall_dag.py for tasks to queue
[2026-04-07T00:10:26.085+0000] {logging_mixin.py:188} INFO - [2026-04-07T00:10:26.084+0000] {dagbag.py:540} INFO - Filling up the DagBag from /opt/airflow/dags/pitwall_dag.py
[2026-04-07T00:10:26.456+0000] {processor.py:840} INFO - DAG(s) 'pitwall_ingestion' retrieved from /opt/airflow/dags/pitwall_dag.py
[2026-04-07T00:10:26.470+0000] {logging_mixin.py:188} INFO - [2026-04-07T00:10:26.469+0000] {dag.py:3096} INFO - Sync 1 DAGs
[2026-04-07T00:10:26.474+0000] {logging_mixin.py:188} INFO - [2026-04-07T00:10:26.474+0000] {dag.py:3954} INFO - Setting next_dagrun for pitwall_ingestion to None, run_after=None
[2026-04-07T00:10:26.480+0000] {processor.py:183} INFO - Processing /opt/airflow/dags/pitwall_dag.py took 0.408 seconds
[2026-04-07T00:10:56.741+0000] {processor.py:161} INFO - Started process (PID=89) to work on /opt/airflow/dags/pitwall_dag.py
[2026-04-07T00:10:56.742+0000] {processor.py:830} INFO - Processing file /opt/airflow/dags/pitwall_dag.py for tasks to queue
[2026-04-07T00:10:56.744+0000] {logging_mixin.py:188} INFO - [2026-04-07T00:10:56.744+0000] {dagbag.py:540} INFO - Filling up the DagBag from /opt/airflow/dags/pitwall_dag.py
[2026-04-07T00:10:56.989+0000] {processor.py:840} INFO - DAG(s) 'pitwall_ingestion' retrieved from /opt/airflow/dags/pitwall_dag.py
[2026-04-07T00:10:56.998+0000] {logging_mixin.py:188} INFO - [2026-04-07T00:10:56.997+0000] {dag.py:3096} INFO - Sync 1 DAGs
[2026-04-07T00:10:57.001+0000] {logging_mixin.py:188} INFO - [2026-04-07T00:10:57.001+0000] {dag.py:3954} INFO - Setting next_dagrun for pitwall_ingestion to None, run_after=None
[2026-04-07T00:10:57.006+0000] {processor.py:183} INFO - Processing /opt/airflow/dags/pitwall_dag.py took 0.270 seconds
[2026-04-07T00:11:27.240+0000] {processor.py:161} INFO - Started process (PID=91) to work on /opt/airflow/dags/pitwall_dag.py
[2026-04-07T00:11:27.241+0000] {processor.py:830} INFO - Processing file /opt/airflow/dags/pitwall_dag.py for tasks to queue
[2026-04-07T00:11:27.242+0000] {logging_mixin.py:188} INFO - [2026-04-07T00:11:27.242+0000] {dagbag.py:540} INFO - Filling up the DagBag from /opt/airflow/dags/pitwall_dag.py
[2026-04-07T00:11:27.488+0000] {processor.py:840} INFO - DAG(s) 'pitwall_ingestion' retrieved from /opt/airflow/dags/pitwall_dag.py
[2026-04-07T00:11:27.503+0000] {logging_mixin.py:188} INFO - [2026-04-07T00:11:27.503+0000] {dag.py:3096} INFO - Sync 1 DAGs
[2026-04-07T00:11:27.511+0000] {logging_mixin.py:188} INFO - [2026-04-07T00:11:27.511+0000] {dag.py:3954} INFO - Setting next_dagrun for pitwall_ingestion to None, run_after=None
[2026-04-07T00:11:27.524+0000] {processor.py:183} INFO - Processing /opt/airflow/dags/pitwall_dag.py took 0.288 seconds
[2026-04-07T00:11:57.789+0000] {processor.py:161} INFO - Started process (PID=93) to work on /opt/airflow/dags/pitwall_dag.py
[2026-04-07T00:11:57.790+0000] {processor.py:830} INFO - Processing file /opt/airflow/dags/pitwall_dag.py for tasks to queue
[2026-04-07T00:11:57.792+0000] {logging_mixin.py:188} INFO - [2026-04-07T00:11:57.792+0000] {dagbag.py:540} INFO - Filling up the DagBag from /opt/airflow/dags/pitwall_dag.py
[2026-04-07T00:11:58.029+0000] {processor.py:840} INFO - DAG(s) 'pitwall_ingestion' retrieved from /opt/airflow/dags/pitwall_dag.py
[2026-04-07T00:11:58.036+0000] {logging_mixin.py:188} INFO - [2026-04-07T00:11:58.036+0000] {dag.py:3096} INFO - Sync 1 DAGs
[2026-04-07T00:11:58.040+0000] {logging_mixin.py:188} INFO - [2026-04-07T00:11:58.040+0000] {dag.py:3954} INFO - Setting next_dagrun for pitwall_ingestion to None, run_after=None
[2026-04-07T00:11:58.044+0000] {processor.py:183} INFO - Processing /opt/airflow/dags/pitwall_dag.py took 0.261 seconds
[2026-04-07T00:12:28.290+0000] {processor.py:161} INFO - Started process (PID=95) to work on /opt/airflow/dags/pitwall_dag.py
[2026-04-07T00:12:28.291+0000] {processor.py:830} INFO - Processing file /opt/airflow/dags/pitwall_dag.py for tasks to queue
[2026-04-07T00:12:28.292+0000] {logging_mixin.py:188} INFO - [2026-04-07T00:12:28.292+0000] {dagbag.py:540} INFO - Filling up the DagBag from /opt/airflow/dags/pitwall_dag.py
[2026-04-07T00:12:28.552+0000] {processor.py:840} INFO - DAG(s) 'pitwall_ingestion' retrieved from /opt/airflow/dags/pitwall_dag.py
[2026-04-07T00:12:28.560+0000] {logging_mixin.py:188} INFO - [2026-04-07T00:12:28.560+0000] {dag.py:3096} INFO - Sync 1 DAGs
[2026-04-07T00:12:28.563+0000] {logging_mixin.py:188} INFO - [2026-04-07T00:12:28.563+0000] {dag.py:3954} INFO - Setting next_dagrun for pitwall_ingestion to None, run_after=None
[2026-04-07T00:12:28.569+0000] {processor.py:183} INFO - Processing /opt/airflow/dags/pitwall_dag.py took 0.282 seconds
[2026-04-07T00:12:58.797+0000] {processor.py:161} INFO - Started process (PID=97) to work on /opt/airflow/dags/pitwall_dag.py
[2026-04-07T00:12:58.798+0000] {processor.py:830} INFO - Processing file /opt/airflow/dags/pitwall_dag.py for tasks to queue
[2026-04-07T00:12:58.799+0000] {logging_mixin.py:188} INFO - [2026-04-07T00:12:58.799+0000] {dagbag.py:540} INFO - Filling up the DagBag from /opt/airflow/dags/pitwall_dag.py
[2026-04-07T00:12:59.041+0000] {processor.py:840} INFO - DAG(s) 'pitwall_ingestion' retrieved from /opt/airflow/dags/pitwall_dag.py
[2026-04-07T00:12:59.049+0000] {logging_mixin.py:188} INFO - [2026-04-07T00:12:59.049+0000] {dag.py:3096} INFO - Sync 1 DAGs
[2026-04-07T00:12:59.053+0000] {logging_mixin.py:188} INFO - [2026-04-07T00:12:59.052+0000] {dag.py:3954} INFO - Setting next_dagrun for pitwall_ingestion to None, run_after=None
[2026-04-07T00:12:59.057+0000] {processor.py:183} INFO - Processing /opt/airflow/dags/pitwall_dag.py took 0.267 seconds
[2026-04-07T00:13:29.297+0000] {processor.py:161} INFO - Started process (PID=99) to work on /opt/airflow/dags/pitwall_dag.py
[2026-04-07T00:13:29.298+0000] {processor.py:830} INFO - Processing file /opt/airflow/dags/pitwall_dag.py for tasks to queue
[2026-04-07T00:13:29.300+0000] {logging_mixin.py:188} INFO - [2026-04-07T00:13:29.300+0000] {dagbag.py:540} INFO - Filling up the DagBag from /opt/airflow/dags/pitwall_dag.py
[2026-04-07T00:13:29.544+0000] {processor.py:840} INFO - DAG(s) 'pitwall_ingestion' retrieved from /opt/airflow/dags/pitwall_dag.py
[2026-04-07T00:13:29.552+0000] {logging_mixin.py:188} INFO - [2026-04-07T00:13:29.552+0000] {dag.py:3096} INFO - Sync 1 DAGs
[2026-04-07T00:13:29.556+0000] {logging_mixin.py:188} INFO - [2026-04-07T00:13:29.556+0000] {dag.py:3954} INFO - Setting next_dagrun for pitwall_ingestion to None, run_after=None
[2026-04-07T00:13:29.561+0000] {processor.py:183} INFO - Processing /opt/airflow/dags/pitwall_dag.py took 0.269 seconds
[2026-04-07T00:13:59.785+0000] {processor.py:161} INFO - Started process (PID=101) to work on /opt/airflow/dags/pitwall_dag.py
[2026-04-07T00:13:59.786+0000] {processor.py:830} INFO - Processing file /opt/airflow/dags/pitwall_dag.py for tasks to queue
[2026-04-07T00:13:59.787+0000] {logging_mixin.py:188} INFO - [2026-04-07T00:13:59.787+0000] {dagbag.py:540} INFO - Filling up the DagBag from /opt/airflow/dags/pitwall_dag.py
[2026-04-07T00:14:00.021+0000] {processor.py:840} INFO - DAG(s) 'pitwall_ingestion' retrieved from /opt/airflow/dags/pitwall_dag.py
[2026-04-07T00:14:00.030+0000] {logging_mixin.py:188} INFO - [2026-04-07T00:14:00.030+0000] {dag.py:3096} INFO - Sync 1 DAGs
[2026-04-07T00:14:00.033+0000] {logging_mixin.py:188} INFO - [2026-04-07T00:14:00.033+0000] {dag.py:3954} INFO - Setting next_dagrun for pitwall_ingestion to None, run_after=None
[2026-04-07T00:14:00.038+0000] {processor.py:183} INFO - Processing /opt/airflow/dags/pitwall_dag.py took 0.259 seconds
[2026-04-07T00:14:30.061+0000] {processor.py:161} INFO - Started process (PID=103) to work on /opt/airflow/dags/pitwall_dag.py
[2026-04-07T00:14:30.062+0000] {processor.py:830} INFO - Processing file /opt/airflow/dags/pitwall_dag.py for tasks to queue
[2026-04-07T00:14:30.063+0000] {logging_mixin.py:188} INFO - [2026-04-07T00:14:30.063+0000] {dagbag.py:540} INFO - Filling up the DagBag from /opt/airflow/dags/pitwall_dag.py
[2026-04-07T00:14:30.292+0000] {processor.py:840} INFO - DAG(s) 'pitwall_ingestion' retrieved from /opt/airflow/dags/pitwall_dag.py
[2026-04-07T00:14:30.299+0000] {logging_mixin.py:188} INFO - [2026-04-07T00:14:30.299+0000] {dag.py:3096} INFO - Sync 1 DAGs
[2026-04-07T00:14:30.302+0000] {logging_mixin.py:188} INFO - [2026-04-07T00:14:30.302+0000] {dag.py:3954} INFO - Setting next_dagrun for pitwall_ingestion to None, run_after=None
[2026-04-07T00:14:30.308+0000] {processor.py:183} INFO - Processing /opt/airflow/dags/pitwall_dag.py took 0.251 seconds
[2026-04-07T00:15:00.557+0000] {processor.py:161} INFO - Started process (PID=105) to work on /opt/airflow/dags/pitwall_dag.py
[2026-04-07T00:15:00.558+0000] {processor.py:830} INFO - Processing file /opt/airflow/dags/pitwall_dag.py for tasks to queue
[2026-04-07T00:15:00.561+0000] {logging_mixin.py:188} INFO - [2026-04-07T00:15:00.561+0000] {dagbag.py:540} INFO - Filling up the DagBag from /opt/airflow/dags/pitwall_dag.py
[2026-04-07T00:15:00.922+0000] {processor.py:840} INFO - DAG(s) 'pitwall_ingestion' retrieved from /opt/airflow/dags/pitwall_dag.py
[2026-04-07T00:15:00.931+0000] {logging_mixin.py:188} INFO - [2026-04-07T00:15:00.931+0000] {dag.py:3096} INFO - Sync 1 DAGs
[2026-04-07T00:15:00.935+0000] {logging_mixin.py:188} INFO - [2026-04-07T00:15:00.935+0000] {dag.py:3954} INFO - Setting next_dagrun for pitwall_ingestion to None, run_after=None
[2026-04-07T00:15:00.940+0000] {processor.py:183} INFO - Processing /opt/airflow/dags/pitwall_dag.py took 0.386 seconds
[2026-04-07T00:15:31.218+0000] {processor.py:161} INFO - Started process (PID=107) to work on /opt/airflow/dags/pitwall_dag.py
[2026-04-07T00:15:31.219+0000] {processor.py:830} INFO - Processing file /opt/airflow/dags/pitwall_dag.py for tasks to queue
[2026-04-07T00:15:31.221+0000] {logging_mixin.py:188} INFO - [2026-04-07T00:15:31.220+0000] {dagbag.py:540} INFO - Filling up the DagBag from /opt/airflow/dags/pitwall_dag.py
[2026-04-07T00:15:31.473+0000] {processor.py:840} INFO - DAG(s) 'pitwall_ingestion' retrieved from /opt/airflow/dags/pitwall_dag.py
[2026-04-07T00:15:31.480+0000] {logging_mixin.py:188} INFO - [2026-04-07T00:15:31.480+0000] {dag.py:3096} INFO - Sync 1 DAGs
[2026-04-07T00:15:31.484+0000] {logging_mixin.py:188} INFO - [2026-04-07T00:15:31.484+0000] {dag.py:3954} INFO - Setting next_dagrun for pitwall_ingestion to None, run_after=None
[2026-04-07T00:15:31.489+0000] {processor.py:183} INFO - Processing /opt/airflow/dags/pitwall_dag.py took 0.277 seconds
[2026-04-07T00:16:01.734+0000] {processor.py:161} INFO - Started process (PID=109) to work on /opt/airflow/dags/pitwall_dag.py
[2026-04-07T00:16:01.735+0000] {processor.py:830} INFO - Processing file /opt/airflow/dags/pitwall_dag.py for tasks to queue
[2026-04-07T00:16:01.736+0000] {logging_mixin.py:188} INFO - [2026-04-07T00:16:01.736+0000] {dagbag.py:540} INFO - Filling up the DagBag from /opt/airflow/dags/pitwall_dag.py
[2026-04-07T00:16:02.003+0000] {processor.py:840} INFO - DAG(s) 'pitwall_ingestion' retrieved from /opt/airflow/dags/pitwall_dag.py
[2026-04-07T00:16:02.016+0000] {logging_mixin.py:188} INFO - [2026-04-07T00:16:02.016+0000] {dag.py:3096} INFO - Sync 1 DAGs
[2026-04-07T00:16:02.020+0000] {logging_mixin.py:188} INFO - [2026-04-07T00:16:02.020+0000] {dag.py:3954} INFO - Setting next_dagrun for pitwall_ingestion to None, run_after=None
[2026-04-07T00:16:02.026+0000] {processor.py:183} INFO - Processing /opt/airflow/dags/pitwall_dag.py took 0.295 seconds
[2026-04-07T00:16:32.297+0000] {processor.py:161} INFO - Started process (PID=111) to work on /opt/airflow/dags/pitwall_dag.py
[2026-04-07T00:16:32.298+0000] {processor.py:830} INFO - Processing file /opt/airflow/dags/pitwall_dag.py for tasks to queue
[2026-04-07T00:16:32.299+0000] {logging_mixin.py:188} INFO - [2026-04-07T00:16:32.299+0000] {dagbag.py:540} INFO - Filling up the DagBag from /opt/airflow/dags/pitwall_dag.py
[2026-04-07T00:16:32.544+0000] {processor.py:840} INFO - DAG(s) 'pitwall_ingestion' retrieved from /opt/airflow/dags/pitwall_dag.py
[2026-04-07T00:16:32.555+0000] {logging_mixin.py:188} INFO - [2026-04-07T00:16:32.555+0000] {dag.py:3096} INFO - Sync 1 DAGs
[2026-04-07T00:16:32.560+0000] {logging_mixin.py:188} INFO - [2026-04-07T00:16:32.560+0000] {dag.py:3954} INFO - Setting next_dagrun for pitwall_ingestion to None, run_after=None
[2026-04-07T00:16:32.565+0000] {processor.py:183} INFO - Processing /opt/airflow/dags/pitwall_dag.py took 0.273 seconds
[2026-04-07T00:17:02.796+0000] {processor.py:161} INFO - Started process (PID=113) to work on /opt/airflow/dags/pitwall_dag.py
[2026-04-07T00:17:02.797+0000] {processor.py:830} INFO - Processing file /opt/airflow/dags/pitwall_dag.py for tasks to queue
[2026-04-07T00:17:02.798+0000] {logging_mixin.py:188} INFO - [2026-04-07T00:17:02.798+0000] {dagbag.py:540} INFO - Filling up the DagBag from /opt/airflow/dags/pitwall_dag.py
[2026-04-07T00:17:03.039+0000] {processor.py:840} INFO - DAG(s) 'pitwall_ingestion' retrieved from /opt/airflow/dags/pitwall_dag.py
[2026-04-07T00:17:03.047+0000] {logging_mixin.py:188} INFO - [2026-04-07T00:17:03.046+0000] {dag.py:3096} INFO - Sync 1 DAGs
[2026-04-07T00:17:03.050+0000] {logging_mixin.py:188} INFO - [2026-04-07T00:17:03.050+0000] {dag.py:3954} INFO - Setting next_dagrun for pitwall_ingestion to None, run_after=None
[2026-04-07T00:17:03.054+0000] {processor.py:183} INFO - Processing /opt/airflow/dags/pitwall_dag.py took 0.264 seconds
[2026-04-07T00:17:33.268+0000] {processor.py:161} INFO - Started process (PID=115) to work on /opt/airflow/dags/pitwall_dag.py
[2026-04-07T00:17:33.269+0000] {processor.py:830} INFO - Processing file /opt/airflow/dags/pitwall_dag.py for tasks to queue
[2026-04-07T00:17:33.270+0000] {logging_mixin.py:188} INFO - [2026-04-07T00:17:33.270+0000] {dagbag.py:540} INFO - Filling up the DagBag from /opt/airflow/dags/pitwall_dag.py
[2026-04-07T00:17:33.498+0000] {processor.py:840} INFO - DAG(s) 'pitwall_ingestion' retrieved from /opt/airflow/dags/pitwall_dag.py
[2026-04-07T00:17:33.507+0000] {logging_mixin.py:188} INFO - [2026-04-07T00:17:33.507+0000] {dag.py:3096} INFO - Sync 1 DAGs
[2026-04-07T00:17:33.511+0000] {logging_mixin.py:188} INFO - [2026-04-07T00:17:33.511+0000] {dag.py:3954} INFO - Setting next_dagrun for pitwall_ingestion to None, run_after=None
[2026-04-07T00:17:33.518+0000] {processor.py:183} INFO - Processing /opt/airflow/dags/pitwall_dag.py took 0.254 seconds
[2026-04-07T00:18:03.544+0000] {processor.py:161} INFO - Started process (PID=117) to work on /opt/airflow/dags/pitwall_dag.py
[2026-04-07T00:18:03.546+0000] {processor.py:830} INFO - Processing file /opt/airflow/dags/pitwall_dag.py for tasks to queue
[2026-04-07T00:18:03.547+0000] {logging_mixin.py:188} INFO - [2026-04-07T00:18:03.547+0000] {dagbag.py:540} INFO - Filling up the DagBag from /opt/airflow/dags/pitwall_dag.py
[2026-04-07T00:18:03.783+0000] {processor.py:840} INFO - DAG(s) 'pitwall_ingestion' retrieved from /opt/airflow/dags/pitwall_dag.py
[2026-04-07T00:18:03.791+0000] {logging_mixin.py:188} INFO - [2026-04-07T00:18:03.791+0000] {dag.py:3096} INFO - Sync 1 DAGs
[2026-04-07T00:18:03.794+0000] {logging_mixin.py:188} INFO - [2026-04-07T00:18:03.794+0000] {dag.py:3954} INFO - Setting next_dagrun for pitwall_ingestion to None, run_after=None
[2026-04-07T00:18:03.799+0000] {processor.py:183} INFO - Processing /opt/airflow/dags/pitwall_dag.py took 0.262 seconds
[2026-04-07T00:18:34.033+0000] {processor.py:161} INFO - Started process (PID=119) to work on /opt/airflow/dags/pitwall_dag.py
[2026-04-07T00:18:34.034+0000] {processor.py:830} INFO - Processing file /opt/airflow/dags/pitwall_dag.py for tasks to queue
[2026-04-07T00:18:34.035+0000] {logging_mixin.py:188} INFO - [2026-04-07T00:18:34.035+0000] {dagbag.py:540} INFO - Filling up the DagBag from /opt/airflow/dags/pitwall_dag.py
[2026-04-07T00:18:34.315+0000] {processor.py:840} INFO - DAG(s) 'pitwall_ingestion' retrieved from /opt/airflow/dags/pitwall_dag.py
[2026-04-07T00:18:34.324+0000] {logging_mixin.py:188} INFO - [2026-04-07T00:18:34.324+0000] {dag.py:3096} INFO - Sync 1 DAGs
[2026-04-07T00:18:34.328+0000] {logging_mixin.py:188} INFO - [2026-04-07T00:18:34.328+0000] {dag.py:3954} INFO - Setting next_dagrun for pitwall_ingestion to None, run_after=None
[2026-04-07T00:18:34.335+0000] {processor.py:183} INFO - Processing /opt/airflow/dags/pitwall_dag.py took 0.306 seconds
[2026-04-07T00:19:04.543+0000] {processor.py:161} INFO - Started process (PID=121) to work on /opt/airflow/dags/pitwall_dag.py
[2026-04-07T00:19:04.544+0000] {processor.py:830} INFO - Processing file /opt/airflow/dags/pitwall_dag.py for tasks to queue
[2026-04-07T00:19:04.546+0000] {logging_mixin.py:188} INFO - [2026-04-07T00:19:04.546+0000] {dagbag.py:540} INFO - Filling up the DagBag from /opt/airflow/dags/pitwall_dag.py
[2026-04-07T00:19:04.835+0000] {processor.py:840} INFO - DAG(s) 'pitwall_ingestion' retrieved from /opt/airflow/dags/pitwall_dag.py
[2026-04-07T00:19:04.846+0000] {logging_mixin.py:188} INFO - [2026-04-07T00:19:04.846+0000] {dag.py:3096} INFO - Sync 1 DAGs
[2026-04-07T00:19:04.850+0000] {logging_mixin.py:188} INFO - [2026-04-07T00:19:04.850+0000] {dag.py:3954} INFO - Setting next_dagrun for pitwall_ingestion to None, run_after=None
[2026-04-07T00:19:04.857+0000] {processor.py:183} INFO - Processing /opt/airflow/dags/pitwall_dag.py took 0.320 seconds
[2026-04-07T00:19:35.150+0000] {processor.py:161} INFO - Started process (PID=123) to work on /opt/airflow/dags/pitwall_dag.py
[2026-04-07T00:19:35.151+0000] {processor.py:830} INFO - Processing file /opt/airflow/dags/pitwall_dag.py for tasks to queue
[2026-04-07T00:19:35.153+0000] {logging_mixin.py:188} INFO - [2026-04-07T00:19:35.153+0000] {dagbag.py:540} INFO - Filling up the DagBag from /opt/airflow/dags/pitwall_dag.py
[2026-04-07T00:19:35.388+0000] {processor.py:840} INFO - DAG(s) 'pitwall_ingestion' retrieved from /opt/airflow/dags/pitwall_dag.py
[2026-04-07T00:19:35.396+0000] {logging_mixin.py:188} INFO - [2026-04-07T00:19:35.396+0000] {dag.py:3096} INFO - Sync 1 DAGs
[2026-04-07T00:19:35.400+0000] {logging_mixin.py:188} INFO - [2026-04-07T00:19:35.400+0000] {dag.py:3954} INFO - Setting next_dagrun for pitwall_ingestion to None, run_after=None
[2026-04-07T00:19:35.405+0000] {processor.py:183} INFO - Processing /opt/airflow/dags/pitwall_dag.py took 0.261 seconds
[2026-04-07T00:20:05.631+0000] {processor.py:161} INFO - Started process (PID=125) to work on /opt/airflow/dags/pitwall_dag.py
[2026-04-07T00:20:05.632+0000] {processor.py:830} INFO - Processing file /opt/airflow/dags/pitwall_dag.py for tasks to queue
[2026-04-07T00:20:05.634+0000] {logging_mixin.py:188} INFO - [2026-04-07T00:20:05.634+0000] {dagbag.py:540} INFO - Filling up the DagBag from /opt/airflow/dags/pitwall_dag.py
[2026-04-07T00:20:05.889+0000] {processor.py:840} INFO - DAG(s) 'pitwall_ingestion' retrieved from /opt/airflow/dags/pitwall_dag.py
[2026-04-07T00:20:05.898+0000] {logging_mixin.py:188} INFO - [2026-04-07T00:20:05.898+0000] {dag.py:3096} INFO - Sync 1 DAGs
[2026-04-07T00:20:05.902+0000] {logging_mixin.py:188} INFO - [2026-04-07T00:20:05.902+0000] {dag.py:3954} INFO - Setting next_dagrun for pitwall_ingestion to None, run_after=None
[2026-04-07T00:20:05.908+0000] {processor.py:183} INFO - Processing /opt/airflow/dags/pitwall_dag.py took 0.281 seconds
[2026-04-07T00:20:36.150+0000] {processor.py:161} INFO - Started process (PID=127) to work on /opt/airflow/dags/pitwall_dag.py
[2026-04-07T00:20:36.151+0000] {processor.py:830} INFO - Processing file /opt/airflow/dags/pitwall_dag.py for tasks to queue
[2026-04-07T00:20:36.153+0000] {logging_mixin.py:188} INFO - [2026-04-07T00:20:36.152+0000] {dagbag.py:540} INFO - Filling up the DagBag from /opt/airflow/dags/pitwall_dag.py
[2026-04-07T00:20:36.386+0000] {processor.py:840} INFO - DAG(s) 'pitwall_ingestion' retrieved from /opt/airflow/dags/pitwall_dag.py
[2026-04-07T00:20:36.395+0000] {logging_mixin.py:188} INFO - [2026-04-07T00:20:36.395+0000] {dag.py:3096} INFO - Sync 1 DAGs
[2026-04-07T00:20:36.398+0000] {logging_mixin.py:188} INFO - [2026-04-07T00:20:36.398+0000] {dag.py:3954} INFO - Setting next_dagrun for pitwall_ingestion to None, run_after=None
[2026-04-07T00:20:36.403+0000] {processor.py:183} INFO - Processing /opt/airflow/dags/pitwall_dag.py took 0.261 seconds
