[2026-04-06T23:47:40.772+0000] {processor.py:161} INFO - Started process (PID=42) to work on /opt/airflow/dags/pitwall_dag.py
[2026-04-06T23:47:40.773+0000] {processor.py:830} INFO - Processing file /opt/airflow/dags/pitwall_dag.py for tasks to queue
[2026-04-06T23:47:40.775+0000] {logging_mixin.py:188} INFO - [2026-04-06T23:47:40.775+0000] {dagbag.py:540} INFO - Filling up the DagBag from /opt/airflow/dags/pitwall_dag.py
[2026-04-06T23:47:40.785+0000] {logging_mixin.py:188} INFO - [2026-04-06T23:47:40.783+0000] {dagbag.py:350} ERROR - Failed to import: /opt/airflow/dags/pitwall_dag.py
Traceback (most recent call last):
  File "/home/airflow/.local/lib/python3.12/site-packages/airflow/models/dagbag.py", line 346, in parse
    loader.exec_module(new_module)
  File "<frozen importlib._bootstrap_external>", line 995, in exec_module
  File "<frozen importlib._bootstrap>", line 488, in _call_with_frames_removed
  File "/opt/airflow/dags/pitwall_dag.py", line 6, in <module>
    from ingestion import lap_times, weather, pit_stops, results, telemetry
  File "/opt/airflow/ingestion/lap_times.py", line 1, in <module>
    import fastf1
ModuleNotFoundError: No module named 'fastf1'
[2026-04-06T23:47:40.785+0000] {processor.py:842} WARNING - No viable dags retrieved from /opt/airflow/dags/pitwall_dag.py
[2026-04-06T23:47:40.800+0000] {processor.py:183} INFO - Processing /opt/airflow/dags/pitwall_dag.py took 0.032 seconds
[2026-04-06T23:48:11.072+0000] {processor.py:161} INFO - Started process (PID=49) to work on /opt/airflow/dags/pitwall_dag.py
[2026-04-06T23:48:11.074+0000] {processor.py:830} INFO - Processing file /opt/airflow/dags/pitwall_dag.py for tasks to queue
[2026-04-06T23:48:11.077+0000] {logging_mixin.py:188} INFO - [2026-04-06T23:48:11.077+0000] {dagbag.py:540} INFO - Filling up the DagBag from /opt/airflow/dags/pitwall_dag.py
[2026-04-06T23:48:11.085+0000] {logging_mixin.py:188} INFO - [2026-04-06T23:48:11.084+0000] {dagbag.py:350} ERROR - Failed to import: /opt/airflow/dags/pitwall_dag.py
Traceback (most recent call last):
  File "/home/airflow/.local/lib/python3.12/site-packages/airflow/models/dagbag.py", line 346, in parse
    loader.exec_module(new_module)
  File "<frozen importlib._bootstrap_external>", line 995, in exec_module
  File "<frozen importlib._bootstrap>", line 488, in _call_with_frames_removed
  File "/opt/airflow/dags/pitwall_dag.py", line 6, in <module>
    from ingestion import lap_times, weather, pit_stops, results, telemetry
  File "/opt/airflow/ingestion/lap_times.py", line 1, in <module>
    import fastf1
ModuleNotFoundError: No module named 'fastf1'
[2026-04-06T23:48:11.085+0000] {processor.py:842} WARNING - No viable dags retrieved from /opt/airflow/dags/pitwall_dag.py
[2026-04-06T23:48:11.102+0000] {processor.py:183} INFO - Processing /opt/airflow/dags/pitwall_dag.py took 0.044 seconds
[2026-04-06T23:48:41.362+0000] {processor.py:161} INFO - Started process (PID=50) to work on /opt/airflow/dags/pitwall_dag.py
[2026-04-06T23:48:41.364+0000] {processor.py:830} INFO - Processing file /opt/airflow/dags/pitwall_dag.py for tasks to queue
[2026-04-06T23:48:41.369+0000] {logging_mixin.py:188} INFO - [2026-04-06T23:48:41.368+0000] {dagbag.py:540} INFO - Filling up the DagBag from /opt/airflow/dags/pitwall_dag.py
[2026-04-06T23:48:41.375+0000] {logging_mixin.py:188} INFO - [2026-04-06T23:48:41.374+0000] {dagbag.py:350} ERROR - Failed to import: /opt/airflow/dags/pitwall_dag.py
Traceback (most recent call last):
  File "/home/airflow/.local/lib/python3.12/site-packages/airflow/models/dagbag.py", line 346, in parse
    loader.exec_module(new_module)
  File "<frozen importlib._bootstrap_external>", line 995, in exec_module
  File "<frozen importlib._bootstrap>", line 488, in _call_with_frames_removed
  File "/opt/airflow/dags/pitwall_dag.py", line 6, in <module>
    from ingestion import lap_times, weather, pit_stops, results, telemetry
  File "/opt/airflow/ingestion/lap_times.py", line 1, in <module>
    import fastf1
ModuleNotFoundError: No module named 'fastf1'
[2026-04-06T23:48:41.375+0000] {processor.py:842} WARNING - No viable dags retrieved from /opt/airflow/dags/pitwall_dag.py
[2026-04-06T23:48:41.392+0000] {processor.py:183} INFO - Processing /opt/airflow/dags/pitwall_dag.py took 0.037 seconds
[2026-04-06T23:49:11.605+0000] {processor.py:161} INFO - Started process (PID=57) to work on /opt/airflow/dags/pitwall_dag.py
[2026-04-06T23:49:11.606+0000] {processor.py:830} INFO - Processing file /opt/airflow/dags/pitwall_dag.py for tasks to queue
[2026-04-06T23:49:11.608+0000] {logging_mixin.py:188} INFO - [2026-04-06T23:49:11.608+0000] {dagbag.py:540} INFO - Filling up the DagBag from /opt/airflow/dags/pitwall_dag.py
[2026-04-06T23:49:11.616+0000] {logging_mixin.py:188} INFO - [2026-04-06T23:49:11.614+0000] {dagbag.py:350} ERROR - Failed to import: /opt/airflow/dags/pitwall_dag.py
Traceback (most recent call last):
  File "/home/airflow/.local/lib/python3.12/site-packages/airflow/models/dagbag.py", line 346, in parse
    loader.exec_module(new_module)
  File "<frozen importlib._bootstrap_external>", line 995, in exec_module
  File "<frozen importlib._bootstrap>", line 488, in _call_with_frames_removed
  File "/opt/airflow/dags/pitwall_dag.py", line 6, in <module>
    from ingestion import lap_times, weather, pit_stops, results, telemetry
  File "/opt/airflow/ingestion/lap_times.py", line 1, in <module>
    import fastf1
ModuleNotFoundError: No module named 'fastf1'
[2026-04-06T23:49:11.617+0000] {processor.py:842} WARNING - No viable dags retrieved from /opt/airflow/dags/pitwall_dag.py
[2026-04-06T23:49:11.638+0000] {processor.py:183} INFO - Processing /opt/airflow/dags/pitwall_dag.py took 0.039 seconds
[2026-04-06T23:49:41.929+0000] {processor.py:161} INFO - Started process (PID=58) to work on /opt/airflow/dags/pitwall_dag.py
[2026-04-06T23:49:41.930+0000] {processor.py:830} INFO - Processing file /opt/airflow/dags/pitwall_dag.py for tasks to queue
[2026-04-06T23:49:41.932+0000] {logging_mixin.py:188} INFO - [2026-04-06T23:49:41.932+0000] {dagbag.py:540} INFO - Filling up the DagBag from /opt/airflow/dags/pitwall_dag.py
[2026-04-06T23:49:41.939+0000] {logging_mixin.py:188} INFO - [2026-04-06T23:49:41.937+0000] {dagbag.py:350} ERROR - Failed to import: /opt/airflow/dags/pitwall_dag.py
Traceback (most recent call last):
  File "/home/airflow/.local/lib/python3.12/site-packages/airflow/models/dagbag.py", line 346, in parse
    loader.exec_module(new_module)
  File "<frozen importlib._bootstrap_external>", line 995, in exec_module
  File "<frozen importlib._bootstrap>", line 488, in _call_with_frames_removed
  File "/opt/airflow/dags/pitwall_dag.py", line 6, in <module>
    from ingestion import lap_times, weather, pit_stops, results, telemetry
  File "/opt/airflow/ingestion/lap_times.py", line 1, in <module>
    import fastf1
ModuleNotFoundError: No module named 'fastf1'
[2026-04-06T23:49:41.939+0000] {processor.py:842} WARNING - No viable dags retrieved from /opt/airflow/dags/pitwall_dag.py
[2026-04-06T23:49:41.952+0000] {processor.py:183} INFO - Processing /opt/airflow/dags/pitwall_dag.py took 0.029 seconds
[2026-04-06T23:50:12.232+0000] {processor.py:161} INFO - Started process (PID=59) to work on /opt/airflow/dags/pitwall_dag.py
[2026-04-06T23:50:12.233+0000] {processor.py:830} INFO - Processing file /opt/airflow/dags/pitwall_dag.py for tasks to queue
[2026-04-06T23:50:12.234+0000] {logging_mixin.py:188} INFO - [2026-04-06T23:50:12.234+0000] {dagbag.py:540} INFO - Filling up the DagBag from /opt/airflow/dags/pitwall_dag.py
[2026-04-06T23:50:12.242+0000] {logging_mixin.py:188} INFO - [2026-04-06T23:50:12.240+0000] {dagbag.py:350} ERROR - Failed to import: /opt/airflow/dags/pitwall_dag.py
Traceback (most recent call last):
  File "/home/airflow/.local/lib/python3.12/site-packages/airflow/models/dagbag.py", line 346, in parse
    loader.exec_module(new_module)
  File "<frozen importlib._bootstrap_external>", line 995, in exec_module
  File "<frozen importlib._bootstrap>", line 488, in _call_with_frames_removed
  File "/opt/airflow/dags/pitwall_dag.py", line 6, in <module>
    from ingestion import lap_times, weather, pit_stops, results, telemetry
  File "/opt/airflow/ingestion/lap_times.py", line 1, in <module>
    import fastf1
ModuleNotFoundError: No module named 'fastf1'
[2026-04-06T23:50:12.242+0000] {processor.py:842} WARNING - No viable dags retrieved from /opt/airflow/dags/pitwall_dag.py
[2026-04-06T23:50:12.258+0000] {processor.py:183} INFO - Processing /opt/airflow/dags/pitwall_dag.py took 0.033 seconds
[2026-04-06T23:50:42.512+0000] {processor.py:161} INFO - Started process (PID=60) to work on /opt/airflow/dags/pitwall_dag.py
[2026-04-06T23:50:42.513+0000] {processor.py:830} INFO - Processing file /opt/airflow/dags/pitwall_dag.py for tasks to queue
[2026-04-06T23:50:42.515+0000] {logging_mixin.py:188} INFO - [2026-04-06T23:50:42.514+0000] {dagbag.py:540} INFO - Filling up the DagBag from /opt/airflow/dags/pitwall_dag.py
[2026-04-06T23:50:42.523+0000] {logging_mixin.py:188} INFO - [2026-04-06T23:50:42.521+0000] {dagbag.py:350} ERROR - Failed to import: /opt/airflow/dags/pitwall_dag.py
Traceback (most recent call last):
  File "/home/airflow/.local/lib/python3.12/site-packages/airflow/models/dagbag.py", line 346, in parse
    loader.exec_module(new_module)
  File "<frozen importlib._bootstrap_external>", line 995, in exec_module
  File "<frozen importlib._bootstrap>", line 488, in _call_with_frames_removed
  File "/opt/airflow/dags/pitwall_dag.py", line 6, in <module>
    from ingestion import lap_times, weather, pit_stops, results, telemetry
  File "/opt/airflow/ingestion/lap_times.py", line 1, in <module>
    import fastf1
ModuleNotFoundError: No module named 'fastf1'
[2026-04-06T23:50:42.523+0000] {processor.py:842} WARNING - No viable dags retrieved from /opt/airflow/dags/pitwall_dag.py
[2026-04-06T23:50:42.539+0000] {processor.py:183} INFO - Processing /opt/airflow/dags/pitwall_dag.py took 0.033 seconds
[2026-04-06T23:51:12.820+0000] {processor.py:161} INFO - Started process (PID=61) to work on /opt/airflow/dags/pitwall_dag.py
[2026-04-06T23:51:12.823+0000] {processor.py:830} INFO - Processing file /opt/airflow/dags/pitwall_dag.py for tasks to queue
[2026-04-06T23:51:12.826+0000] {logging_mixin.py:188} INFO - [2026-04-06T23:51:12.825+0000] {dagbag.py:540} INFO - Filling up the DagBag from /opt/airflow/dags/pitwall_dag.py
[2026-04-06T23:51:12.833+0000] {logging_mixin.py:188} INFO - [2026-04-06T23:51:12.832+0000] {dagbag.py:350} ERROR - Failed to import: /opt/airflow/dags/pitwall_dag.py
Traceback (most recent call last):
  File "/home/airflow/.local/lib/python3.12/site-packages/airflow/models/dagbag.py", line 346, in parse
    loader.exec_module(new_module)
  File "<frozen importlib._bootstrap_external>", line 995, in exec_module
  File "<frozen importlib._bootstrap>", line 488, in _call_with_frames_removed
  File "/opt/airflow/dags/pitwall_dag.py", line 6, in <module>
    from ingestion import lap_times, weather, pit_stops, results, telemetry
  File "/opt/airflow/ingestion/lap_times.py", line 1, in <module>
    import fastf1
ModuleNotFoundError: No module named 'fastf1'
[2026-04-06T23:51:12.834+0000] {processor.py:842} WARNING - No viable dags retrieved from /opt/airflow/dags/pitwall_dag.py
[2026-04-06T23:51:12.848+0000] {processor.py:183} INFO - Processing /opt/airflow/dags/pitwall_dag.py took 0.037 seconds
[2026-04-06T23:51:43.089+0000] {processor.py:161} INFO - Started process (PID=62) to work on /opt/airflow/dags/pitwall_dag.py
[2026-04-06T23:51:43.089+0000] {processor.py:830} INFO - Processing file /opt/airflow/dags/pitwall_dag.py for tasks to queue
[2026-04-06T23:51:43.090+0000] {logging_mixin.py:188} INFO - [2026-04-06T23:51:43.090+0000] {dagbag.py:540} INFO - Filling up the DagBag from /opt/airflow/dags/pitwall_dag.py
[2026-04-06T23:51:43.095+0000] {logging_mixin.py:188} INFO - [2026-04-06T23:51:43.094+0000] {dagbag.py:350} ERROR - Failed to import: /opt/airflow/dags/pitwall_dag.py
Traceback (most recent call last):
  File "/home/airflow/.local/lib/python3.12/site-packages/airflow/models/dagbag.py", line 346, in parse
    loader.exec_module(new_module)
  File "<frozen importlib._bootstrap_external>", line 995, in exec_module
  File "<frozen importlib._bootstrap>", line 488, in _call_with_frames_removed
  File "/opt/airflow/dags/pitwall_dag.py", line 6, in <module>
    from ingestion import lap_times, weather, pit_stops, results, telemetry
  File "/opt/airflow/ingestion/lap_times.py", line 1, in <module>
    import fastf1
ModuleNotFoundError: No module named 'fastf1'
[2026-04-06T23:51:43.095+0000] {processor.py:842} WARNING - No viable dags retrieved from /opt/airflow/dags/pitwall_dag.py
[2026-04-06T23:51:43.104+0000] {processor.py:183} INFO - Processing /opt/airflow/dags/pitwall_dag.py took 0.019 seconds
[2026-04-06T23:52:13.387+0000] {processor.py:161} INFO - Started process (PID=63) to work on /opt/airflow/dags/pitwall_dag.py
[2026-04-06T23:52:13.389+0000] {processor.py:830} INFO - Processing file /opt/airflow/dags/pitwall_dag.py for tasks to queue
[2026-04-06T23:52:13.393+0000] {logging_mixin.py:188} INFO - [2026-04-06T23:52:13.392+0000] {dagbag.py:540} INFO - Filling up the DagBag from /opt/airflow/dags/pitwall_dag.py
[2026-04-06T23:52:13.405+0000] {logging_mixin.py:188} INFO - [2026-04-06T23:52:13.403+0000] {dagbag.py:350} ERROR - Failed to import: /opt/airflow/dags/pitwall_dag.py
Traceback (most recent call last):
  File "/home/airflow/.local/lib/python3.12/site-packages/airflow/models/dagbag.py", line 346, in parse
    loader.exec_module(new_module)
  File "<frozen importlib._bootstrap_external>", line 995, in exec_module
  File "<frozen importlib._bootstrap>", line 488, in _call_with_frames_removed
  File "/opt/airflow/dags/pitwall_dag.py", line 6, in <module>
    from ingestion import lap_times, weather, pit_stops, results, telemetry
  File "/opt/airflow/ingestion/lap_times.py", line 1, in <module>
    import fastf1
ModuleNotFoundError: No module named 'fastf1'
[2026-04-06T23:52:13.406+0000] {processor.py:842} WARNING - No viable dags retrieved from /opt/airflow/dags/pitwall_dag.py
[2026-04-06T23:52:13.445+0000] {processor.py:183} INFO - Processing /opt/airflow/dags/pitwall_dag.py took 0.066 seconds
[2026-04-06T23:52:43.677+0000] {processor.py:161} INFO - Started process (PID=64) to work on /opt/airflow/dags/pitwall_dag.py
[2026-04-06T23:52:43.678+0000] {processor.py:830} INFO - Processing file /opt/airflow/dags/pitwall_dag.py for tasks to queue
[2026-04-06T23:52:43.681+0000] {logging_mixin.py:188} INFO - [2026-04-06T23:52:43.680+0000] {dagbag.py:540} INFO - Filling up the DagBag from /opt/airflow/dags/pitwall_dag.py
[2026-04-06T23:52:43.688+0000] {logging_mixin.py:188} INFO - [2026-04-06T23:52:43.687+0000] {dagbag.py:350} ERROR - Failed to import: /opt/airflow/dags/pitwall_dag.py
Traceback (most recent call last):
  File "/home/airflow/.local/lib/python3.12/site-packages/airflow/models/dagbag.py", line 346, in parse
    loader.exec_module(new_module)
  File "<frozen importlib._bootstrap_external>", line 995, in exec_module
  File "<frozen importlib._bootstrap>", line 488, in _call_with_frames_removed
  File "/opt/airflow/dags/pitwall_dag.py", line 6, in <module>
    from ingestion import lap_times, weather, pit_stops, results, telemetry
  File "/opt/airflow/ingestion/lap_times.py", line 1, in <module>
    import fastf1
ModuleNotFoundError: No module named 'fastf1'
[2026-04-06T23:52:43.689+0000] {processor.py:842} WARNING - No viable dags retrieved from /opt/airflow/dags/pitwall_dag.py
[2026-04-06T23:52:43.705+0000] {processor.py:183} INFO - Processing /opt/airflow/dags/pitwall_dag.py took 0.034 seconds
[2026-04-06T23:53:13.970+0000] {processor.py:161} INFO - Started process (PID=65) to work on /opt/airflow/dags/pitwall_dag.py
[2026-04-06T23:53:13.971+0000] {processor.py:830} INFO - Processing file /opt/airflow/dags/pitwall_dag.py for tasks to queue
[2026-04-06T23:53:13.972+0000] {logging_mixin.py:188} INFO - [2026-04-06T23:53:13.972+0000] {dagbag.py:540} INFO - Filling up the DagBag from /opt/airflow/dags/pitwall_dag.py
[2026-04-06T23:53:13.976+0000] {logging_mixin.py:188} INFO - [2026-04-06T23:53:13.975+0000] {dagbag.py:350} ERROR - Failed to import: /opt/airflow/dags/pitwall_dag.py
Traceback (most recent call last):
  File "/home/airflow/.local/lib/python3.12/site-packages/airflow/models/dagbag.py", line 346, in parse
    loader.exec_module(new_module)
  File "<frozen importlib._bootstrap_external>", line 995, in exec_module
  File "<frozen importlib._bootstrap>", line 488, in _call_with_frames_removed
  File "/opt/airflow/dags/pitwall_dag.py", line 6, in <module>
    from ingestion import lap_times, weather, pit_stops, results, telemetry
  File "/opt/airflow/ingestion/lap_times.py", line 1, in <module>
    import fastf1
ModuleNotFoundError: No module named 'fastf1'
[2026-04-06T23:53:13.977+0000] {processor.py:842} WARNING - No viable dags retrieved from /opt/airflow/dags/pitwall_dag.py
[2026-04-06T23:53:13.987+0000] {processor.py:183} INFO - Processing /opt/airflow/dags/pitwall_dag.py took 0.021 seconds
[2026-04-06T23:53:44.262+0000] {processor.py:161} INFO - Started process (PID=66) to work on /opt/airflow/dags/pitwall_dag.py
[2026-04-06T23:53:44.263+0000] {processor.py:830} INFO - Processing file /opt/airflow/dags/pitwall_dag.py for tasks to queue
[2026-04-06T23:53:44.266+0000] {logging_mixin.py:188} INFO - [2026-04-06T23:53:44.265+0000] {dagbag.py:540} INFO - Filling up the DagBag from /opt/airflow/dags/pitwall_dag.py
[2026-04-06T23:53:44.273+0000] {logging_mixin.py:188} INFO - [2026-04-06T23:53:44.271+0000] {dagbag.py:350} ERROR - Failed to import: /opt/airflow/dags/pitwall_dag.py
Traceback (most recent call last):
  File "/home/airflow/.local/lib/python3.12/site-packages/airflow/models/dagbag.py", line 346, in parse
    loader.exec_module(new_module)
  File "<frozen importlib._bootstrap_external>", line 995, in exec_module
  File "<frozen importlib._bootstrap>", line 488, in _call_with_frames_removed
  File "/opt/airflow/dags/pitwall_dag.py", line 6, in <module>
    from ingestion import lap_times, weather, pit_stops, results, telemetry
  File "/opt/airflow/ingestion/lap_times.py", line 1, in <module>
    import fastf1
ModuleNotFoundError: No module named 'fastf1'
[2026-04-06T23:53:44.273+0000] {processor.py:842} WARNING - No viable dags retrieved from /opt/airflow/dags/pitwall_dag.py
[2026-04-06T23:53:44.288+0000] {processor.py:183} INFO - Processing /opt/airflow/dags/pitwall_dag.py took 0.033 seconds
[2026-04-06T23:54:14.537+0000] {processor.py:161} INFO - Started process (PID=67) to work on /opt/airflow/dags/pitwall_dag.py
[2026-04-06T23:54:14.538+0000] {processor.py:830} INFO - Processing file /opt/airflow/dags/pitwall_dag.py for tasks to queue
[2026-04-06T23:54:14.541+0000] {logging_mixin.py:188} INFO - [2026-04-06T23:54:14.541+0000] {dagbag.py:540} INFO - Filling up the DagBag from /opt/airflow/dags/pitwall_dag.py
[2026-04-06T23:54:14.547+0000] {logging_mixin.py:188} INFO - [2026-04-06T23:54:14.546+0000] {dagbag.py:350} ERROR - Failed to import: /opt/airflow/dags/pitwall_dag.py
Traceback (most recent call last):
  File "/home/airflow/.local/lib/python3.12/site-packages/airflow/models/dagbag.py", line 346, in parse
    loader.exec_module(new_module)
  File "<frozen importlib._bootstrap_external>", line 995, in exec_module
  File "<frozen importlib._bootstrap>", line 488, in _call_with_frames_removed
  File "/opt/airflow/dags/pitwall_dag.py", line 6, in <module>
    from ingestion import lap_times, weather, pit_stops, results, telemetry
  File "/opt/airflow/ingestion/lap_times.py", line 1, in <module>
    import fastf1
ModuleNotFoundError: No module named 'fastf1'
[2026-04-06T23:54:14.547+0000] {processor.py:842} WARNING - No viable dags retrieved from /opt/airflow/dags/pitwall_dag.py
[2026-04-06T23:54:14.563+0000] {processor.py:183} INFO - Processing /opt/airflow/dags/pitwall_dag.py took 0.032 seconds
[2026-04-06T23:54:44.878+0000] {processor.py:161} INFO - Started process (PID=68) to work on /opt/airflow/dags/pitwall_dag.py
[2026-04-06T23:54:44.879+0000] {processor.py:830} INFO - Processing file /opt/airflow/dags/pitwall_dag.py for tasks to queue
[2026-04-06T23:54:44.881+0000] {logging_mixin.py:188} INFO - [2026-04-06T23:54:44.881+0000] {dagbag.py:540} INFO - Filling up the DagBag from /opt/airflow/dags/pitwall_dag.py
[2026-04-06T23:54:44.886+0000] {logging_mixin.py:188} INFO - [2026-04-06T23:54:44.885+0000] {dagbag.py:350} ERROR - Failed to import: /opt/airflow/dags/pitwall_dag.py
Traceback (most recent call last):
  File "/home/airflow/.local/lib/python3.12/site-packages/airflow/models/dagbag.py", line 346, in parse
    loader.exec_module(new_module)
  File "<frozen importlib._bootstrap_external>", line 995, in exec_module
  File "<frozen importlib._bootstrap>", line 488, in _call_with_frames_removed
  File "/opt/airflow/dags/pitwall_dag.py", line 6, in <module>
    from ingestion import lap_times, weather, pit_stops, results, telemetry
  File "/opt/airflow/ingestion/lap_times.py", line 1, in <module>
    import fastf1
ModuleNotFoundError: No module named 'fastf1'
[2026-04-06T23:54:44.887+0000] {processor.py:842} WARNING - No viable dags retrieved from /opt/airflow/dags/pitwall_dag.py
[2026-04-06T23:54:44.899+0000] {processor.py:183} INFO - Processing /opt/airflow/dags/pitwall_dag.py took 0.026 seconds
[2026-04-06T23:59:29.132+0000] {processor.py:161} INFO - Started process (PID=29) to work on /opt/airflow/dags/pitwall_dag.py
[2026-04-06T23:59:29.135+0000] {processor.py:830} INFO - Processing file /opt/airflow/dags/pitwall_dag.py for tasks to queue
[2026-04-06T23:59:29.136+0000] {logging_mixin.py:188} INFO - [2026-04-06T23:59:29.136+0000] {dagbag.py:540} INFO - Filling up the DagBag from /opt/airflow/dags/pitwall_dag.py
[2026-04-06T23:59:30.444+0000] {processor.py:840} INFO - DAG(s) 'pitwall_ingestion' retrieved from /opt/airflow/dags/pitwall_dag.py
[2026-04-06T23:59:30.470+0000] {logging_mixin.py:188} INFO - [2026-04-06T23:59:30.469+0000] {dag.py:3096} INFO - Sync 1 DAGs
[2026-04-06T23:59:30.478+0000] {logging_mixin.py:188} INFO - [2026-04-06T23:59:30.478+0000] {dag.py:3954} INFO - Setting next_dagrun for pitwall_ingestion to None, run_after=None
[2026-04-06T23:59:30.497+0000] {processor.py:183} INFO - Processing /opt/airflow/dags/pitwall_dag.py took 1.367 seconds
