[2026-04-06T23:32:39.461+0000] {manager.py:470} INFO - Processing files using up to 2 processes at a time 
[2026-04-06T23:32:39.462+0000] {manager.py:471} INFO - Process each file at most once every 30 seconds
[2026-04-06T23:32:39.463+0000] {manager.py:472} INFO - Checking for new files in /opt/airflow/dags every 300 seconds
[2026-04-06T23:32:39.463+0000] {manager.py:737} INFO - Searching for files in /opt/airflow/dags
[2026-04-06T23:32:39.464+0000] {manager.py:740} INFO - There are 0 files in /opt/airflow/dags
[2026-04-06T23:37:39.876+0000] {manager.py:737} INFO - Searching for files in /opt/airflow/dags
[2026-04-06T23:37:39.882+0000] {manager.py:740} INFO - There are 0 files in /opt/airflow/dags
[2026-04-06T23:42:40.240+0000] {manager.py:737} INFO - Searching for files in /opt/airflow/dags
[2026-04-06T23:42:40.246+0000] {manager.py:740} INFO - There are 0 files in /opt/airflow/dags
[2026-04-06T23:47:40.717+0000] {manager.py:737} INFO - Searching for files in /opt/airflow/dags
[2026-04-06T23:47:40.726+0000] {manager.py:740} INFO - There are 1 files in /opt/airflow/dags
[2026-04-06T23:47:46.817+0000] {manager.py:878} INFO - 
================================================================================
DAG File Processing Stats

File Path                         PID    Runtime      # DAGs    # Errors  Last Runtime    Last Run
--------------------------------  -----  ---------  --------  ----------  --------------  -------------------
/opt/airflow/dags/pitwall_dag.py                           0           1  0.05s           2026-04-06T23:47:40
================================================================================
[2026-04-06T23:48:17.107+0000] {manager.py:878} INFO - 
================================================================================
DAG File Processing Stats

File Path                         PID    Runtime      # DAGs    # Errors  Last Runtime    Last Run
--------------------------------  -----  ---------  --------  ----------  --------------  -------------------
/opt/airflow/dags/pitwall_dag.py                           0           1  0.07s           2026-04-06T23:48:11
================================================================================
[2026-04-06T23:48:47.401+0000] {manager.py:878} INFO - 
================================================================================
DAG File Processing Stats

File Path                         PID    Runtime      # DAGs    # Errors  Last Runtime    Last Run
--------------------------------  -----  ---------  --------  ----------  --------------  -------------------
/opt/airflow/dags/pitwall_dag.py                           0           1  0.06s           2026-04-06T23:48:41
================================================================================
[2026-04-06T23:49:17.672+0000] {manager.py:878} INFO - 
================================================================================
DAG File Processing Stats

File Path                         PID    Runtime      # DAGs    # Errors  Last Runtime    Last Run
--------------------------------  -----  ---------  --------  ----------  --------------  -------------------
/opt/airflow/dags/pitwall_dag.py                           0           1  0.05s           2026-04-06T23:49:11
================================================================================
[2026-04-06T23:49:47.973+0000] {manager.py:878} INFO - 
================================================================================
DAG File Processing Stats

File Path                         PID    Runtime      # DAGs    # Errors  Last Runtime    Last Run
--------------------------------  -----  ---------  --------  ----------  --------------  -------------------
/opt/airflow/dags/pitwall_dag.py                           0           1  0.05s           2026-04-06T23:49:41
================================================================================
[2026-04-06T23:50:18.284+0000] {manager.py:878} INFO - 
================================================================================
DAG File Processing Stats

File Path                         PID    Runtime      # DAGs    # Errors  Last Runtime    Last Run
--------------------------------  -----  ---------  --------  ----------  --------------  -------------------
/opt/airflow/dags/pitwall_dag.py                           0           1  0.05s           2026-04-06T23:50:12
================================================================================
[2026-04-06T23:50:48.582+0000] {manager.py:878} INFO - 
================================================================================
DAG File Processing Stats

File Path                         PID    Runtime      # DAGs    # Errors  Last Runtime    Last Run
--------------------------------  -----  ---------  --------  ----------  --------------  -------------------
/opt/airflow/dags/pitwall_dag.py                           0           1  0.05s           2026-04-06T23:50:42
================================================================================
[2026-04-06T23:51:18.857+0000] {manager.py:878} INFO - 
================================================================================
DAG File Processing Stats

File Path                         PID    Runtime      # DAGs    # Errors  Last Runtime    Last Run
--------------------------------  -----  ---------  --------  ----------  --------------  -------------------
/opt/airflow/dags/pitwall_dag.py                           0           1  0.06s           2026-04-06T23:51:12
================================================================================
[2026-04-06T23:51:49.137+0000] {manager.py:878} INFO - 
================================================================================
DAG File Processing Stats

File Path                         PID    Runtime      # DAGs    # Errors  Last Runtime    Last Run
--------------------------------  -----  ---------  --------  ----------  --------------  -------------------
/opt/airflow/dags/pitwall_dag.py                           0           1  0.03s           2026-04-06T23:51:43
================================================================================
[2026-04-06T23:52:19.436+0000] {manager.py:878} INFO - 
================================================================================
DAG File Processing Stats

File Path                         PID    Runtime      # DAGs    # Errors  Last Runtime    Last Run
--------------------------------  -----  ---------  --------  ----------  --------------  -------------------
/opt/airflow/dags/pitwall_dag.py                           0           1  0.08s           2026-04-06T23:52:13
================================================================================
[2026-04-06T23:52:41.620+0000] {manager.py:737} INFO - Searching for files in /opt/airflow/dags
[2026-04-06T23:52:41.628+0000] {manager.py:740} INFO - There are 1 files in /opt/airflow/dags
[2026-04-06T23:52:49.733+0000] {manager.py:878} INFO - 
================================================================================
DAG File Processing Stats

File Path                         PID    Runtime      # DAGs    # Errors  Last Runtime    Last Run
--------------------------------  -----  ---------  --------  ----------  --------------  -------------------
/opt/airflow/dags/pitwall_dag.py                           0           1  0.05s           2026-04-06T23:52:43
================================================================================
[2026-04-06T23:53:20.022+0000] {manager.py:878} INFO - 
================================================================================
DAG File Processing Stats

File Path                         PID    Runtime      # DAGs    # Errors  Last Runtime    Last Run
--------------------------------  -----  ---------  --------  ----------  --------------  -------------------
/opt/airflow/dags/pitwall_dag.py                           0           1  0.03s           2026-04-06T23:53:13
================================================================================
[2026-04-06T23:53:50.310+0000] {manager.py:878} INFO - 
================================================================================
DAG File Processing Stats

File Path                         PID    Runtime      # DAGs    # Errors  Last Runtime    Last Run
--------------------------------  -----  ---------  --------  ----------  --------------  -------------------
/opt/airflow/dags/pitwall_dag.py                           0           1  0.05s           2026-04-06T23:53:44
================================================================================
[2026-04-06T23:54:20.587+0000] {manager.py:878} INFO - 
================================================================================
DAG File Processing Stats

File Path                         PID    Runtime      # DAGs    # Errors  Last Runtime    Last Run
--------------------------------  -----  ---------  --------  ----------  --------------  -------------------
/opt/airflow/dags/pitwall_dag.py                           0           1  0.05s           2026-04-06T23:54:14
================================================================================
[2026-04-06T23:54:50.936+0000] {manager.py:878} INFO - 
================================================================================
DAG File Processing Stats

File Path                         PID    Runtime      # DAGs    # Errors  Last Runtime    Last Run
--------------------------------  -----  ---------  --------  ----------  --------------  -------------------
/opt/airflow/dags/pitwall_dag.py                           0           1  0.04s           2026-04-06T23:54:44
================================================================================
[2026-04-06T23:54:58.859+0000] {manager.py:452} INFO - Exiting gracefully upon receiving signal 15
[2026-04-06T23:59:29.103+0000] {manager.py:470} INFO - Processing files using up to 2 processes at a time 
[2026-04-06T23:59:29.104+0000] {manager.py:471} INFO - Process each file at most once every 30 seconds
[2026-04-06T23:59:29.104+0000] {manager.py:472} INFO - Checking for new files in /opt/airflow/dags every 300 seconds
[2026-04-06T23:59:29.104+0000] {manager.py:737} INFO - Searching for files in /opt/airflow/dags
[2026-04-06T23:59:29.106+0000] {manager.py:740} INFO - There are 1 files in /opt/airflow/dags
[2026-04-06T23:59:29.147+0000] {manager.py:878} INFO - 
================================================================================
DAG File Processing Stats

File Path                           PID  Runtime      # DAGs    # Errors  Last Runtime    Last Run
--------------------------------  -----  ---------  --------  ----------  --------------  ----------
/opt/airflow/dags/pitwall_dag.py     29  0.02s             0           0
================================================================================
[2026-04-06T23:59:59.327+0000] {manager.py:878} INFO - 
================================================================================
DAG File Processing Stats

File Path                         PID    Runtime      # DAGs    # Errors  Last Runtime    Last Run
--------------------------------  -----  ---------  --------  ----------  --------------  -------------------
/opt/airflow/dags/pitwall_dag.py                           1           0  1.38s           2026-04-06T23:59:30
================================================================================
[2026-04-07T00:00:29.454+0000] {manager.py:878} INFO - 
================================================================================
DAG File Processing Stats

File Path                         PID    Runtime      # DAGs    # Errors  Last Runtime    Last Run
--------------------------------  -----  ---------  --------  ----------  --------------  -------------------
/opt/airflow/dags/pitwall_dag.py                           1           0  0.48s           2026-04-07T00:00:01
================================================================================
[2026-04-07T00:01:00.241+0000] {manager.py:878} INFO - 
================================================================================
DAG File Processing Stats

File Path                         PID    Runtime      # DAGs    # Errors  Last Runtime    Last Run
--------------------------------  -----  ---------  --------  ----------  --------------  -------------------
/opt/airflow/dags/pitwall_dag.py                           1           0  0.59s           2026-04-07T00:00:32
================================================================================
[2026-04-07T00:01:30.545+0000] {manager.py:878} INFO - 
================================================================================
DAG File Processing Stats

File Path                         PID    Runtime      # DAGs    # Errors  Last Runtime    Last Run
--------------------------------  -----  ---------  --------  ----------  --------------  -------------------
/opt/airflow/dags/pitwall_dag.py                           1           0  0.42s           2026-04-07T00:01:02
================================================================================
[2026-04-07T00:02:00.617+0000] {manager.py:878} INFO - 
================================================================================
DAG File Processing Stats

File Path                         PID    Runtime      # DAGs    # Errors  Last Runtime    Last Run
--------------------------------  -----  ---------  --------  ----------  --------------  -------------------
/opt/airflow/dags/pitwall_dag.py                           1           0  0.49s           2026-04-07T00:01:33
================================================================================
[2026-04-07T00:02:30.916+0000] {manager.py:878} INFO - 
================================================================================
DAG File Processing Stats

File Path                         PID    Runtime      # DAGs    # Errors  Last Runtime    Last Run
--------------------------------  -----  ---------  --------  ----------  --------------  -------------------
/opt/airflow/dags/pitwall_dag.py                           1           0  0.41s           2026-04-07T00:02:04
================================================================================
[2026-04-07T00:03:01.189+0000] {manager.py:878} INFO - 
================================================================================
DAG File Processing Stats

File Path                         PID    Runtime      # DAGs    # Errors  Last Runtime    Last Run
--------------------------------  -----  ---------  --------  ----------  --------------  -------------------
/opt/airflow/dags/pitwall_dag.py                           1           0  0.36s           2026-04-07T00:02:47
================================================================================
[2026-04-07T00:03:31.461+0000] {manager.py:878} INFO - 
================================================================================
DAG File Processing Stats

File Path                         PID    Runtime      # DAGs    # Errors  Last Runtime    Last Run
--------------------------------  -----  ---------  --------  ----------  --------------  -------------------
/opt/airflow/dags/pitwall_dag.py                           1           0  0.41s           2026-04-07T00:03:17
================================================================================
[2026-04-07T00:04:01.531+0000] {manager.py:878} INFO - 
================================================================================
DAG File Processing Stats

File Path                         PID    Runtime      # DAGs    # Errors  Last Runtime    Last Run
--------------------------------  -----  ---------  --------  ----------  --------------  -------------------
/opt/airflow/dags/pitwall_dag.py                           1           0  0.47s           2026-04-07T00:03:48
================================================================================
[2026-04-07T00:04:29.212+0000] {manager.py:737} INFO - Searching for files in /opt/airflow/dags
[2026-04-07T00:04:29.217+0000] {manager.py:740} INFO - There are 1 files in /opt/airflow/dags
[2026-04-07T00:04:31.821+0000] {manager.py:878} INFO - 
================================================================================
DAG File Processing Stats

File Path                         PID    Runtime      # DAGs    # Errors  Last Runtime    Last Run
--------------------------------  -----  ---------  --------  ----------  --------------  -------------------
/opt/airflow/dags/pitwall_dag.py                           1           0  0.42s           2026-04-07T00:04:19
================================================================================
[2026-04-07T00:05:02.516+0000] {manager.py:878} INFO - 
================================================================================
DAG File Processing Stats

File Path                         PID    Runtime      # DAGs    # Errors  Last Runtime    Last Run
--------------------------------  -----  ---------  --------  ----------  --------------  -------------------
/opt/airflow/dags/pitwall_dag.py                           1           0  0.29s           2026-04-07T00:04:49
================================================================================
[2026-04-07T00:05:33.003+0000] {manager.py:878} INFO - 
================================================================================
DAG File Processing Stats

File Path                         PID    Runtime      # DAGs    # Errors  Last Runtime    Last Run
--------------------------------  -----  ---------  --------  ----------  --------------  -------------------
/opt/airflow/dags/pitwall_dag.py                           1           0  0.45s           2026-04-07T00:05:20
================================================================================
[2026-04-07T00:06:03.400+0000] {manager.py:878} INFO - 
================================================================================
DAG File Processing Stats

File Path                         PID    Runtime      # DAGs    # Errors  Last Runtime    Last Run
--------------------------------  -----  ---------  --------  ----------  --------------  -------------------
/opt/airflow/dags/pitwall_dag.py                           1           0  0.46s           2026-04-07T00:05:50
================================================================================
[2026-04-07T00:06:33.985+0000] {manager.py:878} INFO - 
================================================================================
DAG File Processing Stats

File Path                         PID    Runtime      # DAGs    # Errors  Last Runtime    Last Run
--------------------------------  -----  ---------  --------  ----------  --------------  -------------------
/opt/airflow/dags/pitwall_dag.py                           1           0  0.40s           2026-04-07T00:06:21
================================================================================
[2026-04-07T00:07:04.073+0000] {manager.py:878} INFO - 
================================================================================
DAG File Processing Stats

File Path                         PID    Runtime      # DAGs    # Errors  Last Runtime    Last Run
--------------------------------  -----  ---------  --------  ----------  --------------  -------------------
/opt/airflow/dags/pitwall_dag.py                           1           0  0.50s           2026-04-07T00:06:51
================================================================================
[2026-04-07T00:07:34.323+0000] {manager.py:878} INFO - 
================================================================================
DAG File Processing Stats

File Path                         PID    Runtime      # DAGs    # Errors  Last Runtime    Last Run
--------------------------------  -----  ---------  --------  ----------  --------------  -------------------
/opt/airflow/dags/pitwall_dag.py                           1           0  0.33s           2026-04-07T00:07:22
================================================================================
[2026-04-07T00:08:04.903+0000] {manager.py:878} INFO - 
================================================================================
DAG File Processing Stats

File Path                         PID    Runtime      # DAGs    # Errors  Last Runtime    Last Run
--------------------------------  -----  ---------  --------  ----------  --------------  -------------------
/opt/airflow/dags/pitwall_dag.py                           1           0  0.35s           2026-04-07T00:07:53
================================================================================
[2026-04-07T00:08:35.476+0000] {manager.py:878} INFO - 
================================================================================
DAG File Processing Stats

File Path                         PID    Runtime      # DAGs    # Errors  Last Runtime    Last Run
--------------------------------  -----  ---------  --------  ----------  --------------  -------------------
/opt/airflow/dags/pitwall_dag.py                           1           0  0.35s           2026-04-07T00:08:23
================================================================================
[2026-04-07T00:09:06.084+0000] {manager.py:878} INFO - 
================================================================================
DAG File Processing Stats

File Path                         PID    Runtime      # DAGs    # Errors  Last Runtime    Last Run
--------------------------------  -----  ---------  --------  ----------  --------------  -------------------
/opt/airflow/dags/pitwall_dag.py                           1           0  0.39s           2026-04-07T00:08:54
================================================================================
